<?xml version="1.0" encoding="UTF-8"?>
<!-- Generated by org.testng.reporters.JUnitReportReporter -->
<testsuite hostname="Krishnas-MacBook-Air.local" failures="0" tests="1" name="org.rahulshettyacademy.IOSBasics" time="5.617" errors="0" timestamp="27 Sept 2024 00:15:19 GMT" skipped="0">
  <testcase classname="org.rahulshettyacademy.IOSBasics" name="IOSBasicsTest" time="5.617"/>
</testsuite> <!-- org.rahulshettyacademy.IOSBasics -->
