<?xml version="1.0" encoding="UTF-8"?>
<!-- Generated by org.testng.reporters.JUnitReportReporter -->
<testsuite hostname="Krishnas-MacBook-Air.local" failures="0" tests="2" name="org.rahulshettyacademy.eCommerce_tc_4_Hybrid" time="29.379" errors="0" timestamp="27 Sept 2024 00:38:46 GMT" skipped="0">
  <testcase classname="org.rahulshettyacademy.eCommerce_tc_4_Hybrid" name="FillForm" time="14.705"/>
  <testcase classname="org.rahulshettyacademy.eCommerce_tc_4_Hybrid" name="FillForm" time="14.674"/>
</testsuite> <!-- org.rahulshettyacademy.eCommerce_tc_4_Hybrid -->
