<?xml version="1.0" encoding="UTF-8"?>
<!-- Generated by org.testng.reporters.JUnitReportReporter -->
<testsuite hostname="Krishnas-MacBook-Air.local" failures="0" tests="1" name="org.rahulshettyacademy.IOSBasics" time="6.023" errors="0" timestamp="27 Sep 2024 03:21:10 GMT" skipped="0">
  <testcase classname="org.rahulshettyacademy.IOSBasics" name="IOSBasicsTest" time="6.023"/>
</testsuite> <!-- org.rahulshettyacademy.IOSBasics -->
